<?xml version="1.0" encoding="UTF-8"?>
<!-- Generated by org.testng.reporters.JUnitReportReporter -->
<testsuite skipped="0" hostname="IBM-Testing01" name="practice.adv" tests="1" failures="0" timestamp="13 Feb 2020 19:05:50 GMT" time="18.651" errors="0">
  <testcase name="catg" time="18.651" classname="practice.adv"/>
</testsuite> <!-- practice.adv -->
