<?xml version="1.0" encoding="UTF-8"?>
<!-- Generated by org.testng.reporters.JUnitReportReporter -->
<testsuite skipped="0" hostname="IBM-Testing01" name="com.training.sanity.tests.CatgAdvTests" tests="1" failures="0" timestamp="14 Feb 2020 02:54:33 GMT" time="28.500" errors="0">
  <testcase name="validLoginTest" time="28.500" classname="com.training.sanity.tests.CatgAdvTests"/>
</testsuite> <!-- com.training.sanity.tests.CatgAdvTests -->
